<?xml version="1.0" encoding="UTF-8"?>
<testng-results ignored="0" total="1" passed="1" failed="0" skipped="0">
  <reporter-output>
  </reporter-output>
  <suite started-at="2022-08-22T21:32:22 IST" name="Suite" finished-at="2022-08-22T21:32:47 IST" duration-ms="25218">
    <groups>
    </groups>
    <test started-at="2022-08-22T21:32:22 IST" name="Test" finished-at="2022-08-22T21:32:47 IST" duration-ms="25218">
      <class name="com.Test.Test_tc_001">
        <test-method is-config="true" signature="BS()[pri:0, instance:com.Test.Test_tc_001@4bdeaabb]" started-at="2022-08-22T21:32:21 IST" name="BS" finished-at="2022-08-22T21:32:22 IST" duration-ms="1087" status="PASS">
          <reporter-output>
          </reporter-output>
        </test-method> <!-- BS -->
        <test-method is-config="true" signature="setup()[pri:0, instance:com.Test.Test_tc_001@4bdeaabb]" started-at="2022-08-22T21:32:22 IST" name="setup" finished-at="2022-08-22T21:32:28 IST" duration-ms="6778" status="PASS">
          <reporter-output>
          </reporter-output>
        </test-method> <!-- setup -->
        <test-method signature="verify_TestLogin_validCredential()[pri:0, instance:com.Test.Test_tc_001@4bdeaabb]" started-at="2022-08-22T21:32:28 IST" name="verify_TestLogin_validCredential" finished-at="2022-08-22T21:32:29 IST" duration-ms="472" status="PASS">
          <reporter-output>
          </reporter-output>
        </test-method> <!-- verify_TestLogin_validCredential -->
        <test-method is-config="true" signature="teardown()[pri:0, instance:com.Test.Test_tc_001@4bdeaabb]" started-at="2022-08-22T21:32:44 IST" name="teardown" finished-at="2022-08-22T21:32:47 IST" duration-ms="2543" status="PASS">
          <reporter-output>
          </reporter-output>
        </test-method> <!-- teardown -->
      </class> <!-- com.Test.Test_tc_001 -->
    </test> <!-- Test -->
  </suite> <!-- Suite -->
</testng-results>
